[debug] [2022-10-11T18:55:34.589Z] ----------------------------------------------------------------------
[debug] [2022-10-11T18:55:34.590Z] Command:       C:\Program Files\nodejs\node.exe C:\Users\Maria Laura\AppData\Roaming\npm\node_modules\firebase-tools\lib\bin\firebase.js init
[debug] [2022-10-11T18:55:34.591Z] CLI Version:   11.14.2
[debug] [2022-10-11T18:55:34.591Z] Platform:      win32
[debug] [2022-10-11T18:55:34.591Z] Node Version:  v18.4.0
[debug] [2022-10-11T18:55:34.599Z] Time:          Tue Oct 11 2022 15:55:34 GMT-0300 (hora estándar de Argentina)
[debug] [2022-10-11T18:55:34.599Z] ----------------------------------------------------------------------
[debug] 
[debug] [2022-10-11T18:55:34.610Z] > command requires scopes: ["email","openid","https://www.googleapis.com/auth/cloudplatformprojects.readonly","https://www.googleapis.com/auth/firebase","https://www.googleapis.com/auth/cloud-platform"]
[debug] [2022-10-11T18:55:34.611Z] > authorizing via signed-in user (mlpaez.programacion@gmail.com)
[info] 
     ######## #### ########  ######## ########     ###     ######  ########
     ##        ##  ##     ## ##       ##     ##  ##   ##  ##       ##
     ######    ##  ########  ######   ########  #########  ######  ######
     ##        ##  ##    ##  ##       ##     ## ##     ##       ## ##
     ##       #### ##     ## ######## ########  ##     ##  ######  ########

You're about to initialize a Firebase project in this directory:

  C:\Users\Maria Laura\OneDrive\Escritorio\Proyecto Porfolio mlpaez

[info] 
=== Project Setup
[info] 
[info] First, let's associate this project directory with a Firebase project.
[info] You can create multiple project aliases by running firebase use --add, 
[info] but for now we'll just set up a default project.
[info] 
[debug] [2022-10-11T18:56:30.603Z] >>> [apiv2][query] GET https://firebase.googleapis.com/v1beta1/projects pageSize=100
[debug] [2022-10-11T18:56:31.279Z] <<< [apiv2][status] GET https://firebase.googleapis.com/v1beta1/projects 200
[debug] [2022-10-11T18:56:31.279Z] <<< [apiv2][body] GET https://firebase.googleapis.com/v1beta1/projects [omitted]
[info] i  Using project frontend-proyecto-porfolio-mlp (frontend-proyecto-porfolio-mlp) 
[info] 
=== Hosting Setup
[info] 
[info] Your public directory is the folder (relative to your project directory) that
[info] will contain Hosting assets to be uploaded with firebase deploy. If you
[info] have a build process for your assets, use your build's output directory.
[info] 
